2012/06/26 19:53:53 [error] [php] date(): It is not safe to rely on the system's timezone settings. You are *required* to use the date.timezone setting or the date_default_timezone_set() function. In case you used any of those methods and you are still getting this warning, you most likely misspelled the timezone identifier. We selected 'Asia/Kolkata' for '5.5/no DST' instead (D:\marrydoor\protected\views\layouts\main.php:50)
Stack trace:
#0 D:\yii\framework\web\CBaseController.php(96): SiteController->renderInternal()
#1 D:\yii\framework\web\widgets\CContentDecorator.php(77): SiteController->renderFile()
#2 D:\yii\framework\web\widgets\CContentDecorator.php(55): CContentDecorator->decorate()
#3 D:\yii\framework\web\widgets\COutputProcessor.php(45): CContentDecorator->processOutput()
#4 D:\yii\framework\web\CBaseController.php(207): CContentDecorator->run()
#5 D:\yii\framework\web\CBaseController.php(301): SiteController->endWidget()
#6 D:\marrydoor\protected\views\layouts\column1.php(5): SiteController->endContent()
#7 D:\yii\framework\web\CBaseController.php(127): require()
#8 D:\yii\framework\web\CBaseController.php(96): SiteController->renderInternal()
#9 D:\yii\framework\web\CController.php(785): SiteController->renderFile()
#10 D:\marrydoor\protected\controllers\SiteController.php(32): SiteController->render()
#11 D:\yii\framework\web\actions\CInlineAction.php(50): SiteController->actionIndex()
#12 D:\yii\framework\web\CController.php(309): CInlineAction->runWithParams()
#13 D:\yii\framework\web\CController.php(287): SiteController->runAction()
#14 D:\yii\framework\web\CController.php(266): SiteController->runActionWithFilters()
#15 D:\yii\framework\web\CWebApplication.php(276): SiteController->run()
#16 D:\yii\framework\web\CWebApplication.php(135): CWebApplication->runController()
#17 D:\yii\framework\base\CApplication.php(162): CWebApplication->processRequest()
#18 D:\marrydoor\index.php(13): CWebApplication->run()
REQUEST_URI=/
in D:\marrydoor\protected\views\layouts\main.php (50)
in D:\marrydoor\protected\views\layouts\column1.php (5)
in D:\marrydoor\protected\controllers\SiteController.php (32)
2012/06/26 20:12:34 [error] [exception.CHttpException.404] exception 'CHttpException' with message 'Unable to resolve the request "r=gii".' in D:\yii\framework\web\CWebApplication.php:280
Stack trace:
#0 D:\yii\framework\web\CWebApplication.php(135): CWebApplication->runController('r=gii')
#1 D:\yii\framework\base\CApplication.php(162): CWebApplication->processRequest()
#2 D:\marrydoor\index.php(13): CApplication->run()
#3 {main}
REQUEST_URI=/index.php/r=gii
---
